<?xml version="1.0" encoding="UTF-8"?>
<!-- Generated by org.testng.reporters.JUnitXMLReporter -->
<testsuite hostname="Naveen-Mac.local" ignored="0" name="hub spot regression Test" tests="3" failures="1" timestamp="17 Jun 2019 01:51:12 GMT" time="60.192" errors="0">
  <testcase name="verifyLoginPageTitleTest" time="10.104" classname="com.qa.hubspot.tests.LoginPageTestBy">
    <failure type="java.lang.AssertionError" message="expected [HubSpot Login123] but found [HubSpot Login]">
      <![CDATA[java.lang.AssertionError: expected [HubSpot Login123] but found [HubSpot Login]
at com.qa.hubspot.tests.LoginPageTestBy.verifyLoginPageTitleTest(LoginPageTestBy.java:48)
at java.util.concurrent.ThreadPoolExecutor.runWorker(ThreadPoolExecutor.java:1149)
at java.util.concurrent.ThreadPoolExecutor$Worker.run(ThreadPoolExecutor.java:624)
at java.lang.Thread.run(Thread.java:748)
... Removed 16 stack frames]]>
    </failure>
  </testcase> <!-- verifyLoginPageTitleTest -->
  <testcase name="verifySignUpLinkTest" time="5.078" classname="com.qa.hubspot.tests.LoginPageTestBy"/>
  <testcase name="hubSpotLoginTest" time="10.46" classname="com.qa.hubspot.tests.LoginPageTestBy"/>
</testsuite> <!-- hub spot regression Test -->
