<?xml version="1.0" encoding="UTF-8"?>
<testng-results skipped="0" failed="1" ignored="0" total="3" passed="2">
  <reporter-output>
  </reporter-output>
  <suite name="Hub Spot Test Suite" duration-ms="60192" started-at="2019-06-17T01:50:07Z" finished-at="2019-06-17T01:51:07Z">
    <groups>
    </groups>
    <test name="hub spot regression Test" duration-ms="60192" started-at="2019-06-17T01:50:07Z" finished-at="2019-06-17T01:51:07Z">
      <class name="com.qa.hubspot.tests.LoginPageTestBy">
        <test-method status="PASS" signature="setUp()[pri:0, instance:com.qa.hubspot.tests.LoginPageTestBy@6b5f8707]" name="setUp" is-config="true" duration-ms="12051" started-at="2019-06-17T01:50:07Z" finished-at="2019-06-17T01:50:19Z">
          <reporter-output>
          </reporter-output>
        </test-method> <!-- setUp -->
        <test-method status="FAIL" signature="verifyLoginPageTitleTest()[pri:1, instance:com.qa.hubspot.tests.LoginPageTestBy@6b5f8707]" name="verifyLoginPageTitleTest" duration-ms="10104" started-at="2019-06-17T01:50:19Z" description="verifying login page title test case" finished-at="2019-06-17T01:50:29Z">
          <exception class="java.lang.AssertionError">
            <message>
              <![CDATA[expected [HubSpot Login123] but found [HubSpot Login]]]>
            </message>
            <full-stacktrace>
              <![CDATA[java.lang.AssertionError: expected [HubSpot Login123] but found [HubSpot Login]
at org.testng.Assert.fail(Assert.java:96)
at org.testng.Assert.failNotEquals(Assert.java:776)
at org.testng.Assert.assertEqualsImpl(Assert.java:137)
at org.testng.Assert.assertEquals(Assert.java:118)
at org.testng.Assert.assertEquals(Assert.java:453)
at org.testng.Assert.assertEquals(Assert.java:463)
at com.qa.hubspot.tests.LoginPageTestBy.verifyLoginPageTitleTest(LoginPageTestBy.java:48)
at sun.reflect.NativeMethodAccessorImpl.invoke0(Native Method)
at sun.reflect.NativeMethodAccessorImpl.invoke(NativeMethodAccessorImpl.java:62)
at sun.reflect.DelegatingMethodAccessorImpl.invoke(DelegatingMethodAccessorImpl.java:43)
at java.lang.reflect.Method.invoke(Method.java:498)
at org.testng.internal.MethodInvocationHelper.invokeMethod(MethodInvocationHelper.java:124)
at org.testng.internal.Invoker.invokeMethod(Invoker.java:583)
at org.testng.internal.Invoker.invokeTestMethod(Invoker.java:719)
at org.testng.internal.Invoker.invokeTestMethods(Invoker.java:989)
at org.testng.internal.TestMethodWorker.invokeTestMethods(TestMethodWorker.java:125)
at org.testng.internal.TestMethodWorker.run(TestMethodWorker.java:109)
at java.util.concurrent.ThreadPoolExecutor.runWorker(ThreadPoolExecutor.java:1149)
at java.util.concurrent.ThreadPoolExecutor$Worker.run(ThreadPoolExecutor.java:624)
at java.lang.Thread.run(Thread.java:748)
]]>
            </full-stacktrace>
          </exception> <!-- java.lang.AssertionError -->
          <reporter-output>
          </reporter-output>
        </test-method> <!-- verifyLoginPageTitleTest -->
        <test-method status="PASS" signature="tearDown()[pri:0, instance:com.qa.hubspot.tests.LoginPageTestBy@6b5f8707]" name="tearDown" is-config="true" duration-ms="131" started-at="2019-06-17T01:50:31Z" finished-at="2019-06-17T01:50:31Z">
          <reporter-output>
          </reporter-output>
        </test-method> <!-- tearDown -->
        <test-method status="PASS" signature="setUp()[pri:0, instance:com.qa.hubspot.tests.LoginPageTestBy@6b5f8707]" name="setUp" is-config="true" duration-ms="9992" started-at="2019-06-17T01:50:31Z" finished-at="2019-06-17T01:50:41Z">
          <reporter-output>
          </reporter-output>
        </test-method> <!-- setUp -->
        <test-method status="PASS" signature="verifySignUpLinkTest()[pri:2, instance:com.qa.hubspot.tests.LoginPageTestBy@6b5f8707]" name="verifySignUpLinkTest" duration-ms="5078" started-at="2019-06-17T01:50:41Z" finished-at="2019-06-17T01:50:46Z">
          <reporter-output>
          </reporter-output>
        </test-method> <!-- verifySignUpLinkTest -->
        <test-method status="PASS" signature="tearDown()[pri:0, instance:com.qa.hubspot.tests.LoginPageTestBy@6b5f8707]" name="tearDown" is-config="true" duration-ms="225" started-at="2019-06-17T01:50:46Z" finished-at="2019-06-17T01:50:46Z">
          <reporter-output>
          </reporter-output>
        </test-method> <!-- tearDown -->
        <test-method status="PASS" signature="setUp()[pri:0, instance:com.qa.hubspot.tests.LoginPageTestBy@6b5f8707]" name="setUp" is-config="true" duration-ms="10526" started-at="2019-06-17T01:50:46Z" finished-at="2019-06-17T01:50:57Z">
          <reporter-output>
          </reporter-output>
        </test-method> <!-- setUp -->
        <test-method status="PASS" signature="hubSpotLoginTest()[pri:3, instance:com.qa.hubspot.tests.LoginPageTestBy@6b5f8707]" name="hubSpotLoginTest" duration-ms="10460" started-at="2019-06-17T01:50:57Z" finished-at="2019-06-17T01:51:07Z">
          <reporter-output>
          </reporter-output>
        </test-method> <!-- hubSpotLoginTest -->
        <test-method status="PASS" signature="tearDown()[pri:0, instance:com.qa.hubspot.tests.LoginPageTestBy@6b5f8707]" name="tearDown" is-config="true" duration-ms="175" started-at="2019-06-17T01:51:07Z" finished-at="2019-06-17T01:51:07Z">
          <reporter-output>
          </reporter-output>
        </test-method> <!-- tearDown -->
      </class> <!-- com.qa.hubspot.tests.LoginPageTestBy -->
    </test> <!-- hub spot regression Test -->
  </suite> <!-- Hub Spot Test Suite -->
</testng-results>
